2019-01-13 22:33:10 WARNING (MainThread) [homeassistant.components.mqtt] Data in your config entry is going to override your configuration.yaml: {'port': 1883, 'broker': 'localhost', 'discovery': True}
2019-01-13 22:33:11 DEBUG (MainThread) [homeassistant.components.mqtt] Subscribing to homeassistant/#
2019-01-13 22:33:11 DEBUG (MainThread) [homeassistant.components.mqtt] Received message on homeassistant/binary_sensor/0x00158d0002c01de0/contact/config: b'{"payload_on":false,"payload_off":true,"value_template":"{{ value_json.contact }}","device_class":"door","state_topic":"zigbee2mqtt/fridge_door_sensor_1","availability_topic":"zigbee2mqtt/bridge/state","name":"fridge_door_sensor_1_contact","unique_id":"0x00158d0002c01de0_contact_zigbee2mqtt","device":{"identifiers":"zigbee2mqtt_0x00158d0002c01de0","name":"fridge_door_sensor_1","sw_version":"Zigbee2mqtt 1.0.1","model":"Aqara door & window contact sensor (MCCGQ11LM)","manufacturer":"Xiaomi"}}'
2019-01-13 22:33:11 DEBUG (MainThread) [homeassistant.components.mqtt] Received message on homeassistant/binary_sensor/0x00158d0002bfedfb/contact/config: b'{"payload_on":false,"payload_off":true,"value_template":"{{ value_json.contact }}","device_class":"door","state_topic":"zigbee2mqtt/0x00158d0002bfedfb","availability_topic":"zigbee2mqtt/bridge/state","name":"0x00158d0002bfedfb_contact","unique_id":"0x00158d0002bfedfb_contact_zigbee2mqtt","device":{"identifiers":"zigbee2mqtt_0x00158d0002bfedfb","name":"0x00158d0002bfedfb","sw_version":"Zigbee2mqtt 1.0.1","model":"Aqara door & window contact sensor (MCCGQ11LM)","manufacturer":"Xiaomi"}}'
2019-01-13 22:33:11 DEBUG (MainThread) [homeassistant.components.mqtt] Received message on homeassistant/sensor/0x00158d0002c01de0/battery/config: b'{"device_class":"battery","value_template":"{{ value_json.battery }}","json_attributes":["linkquality","voltage","action","sensitivity"],"state_topic":"zigbee2mqtt/fridge_door_sensor_1","availability_topic":"zigbee2mqtt/bridge/state","name":"fridge_door_sensor_1_battery","unique_id":"0x00158d0002c01de0_battery_zigbee2mqtt","device":{"identifiers":"zigbee2mqtt_0x00158d0002c01de0","name":"fridge_door_sensor_1","sw_version":"Zigbee2mqtt 1.0.1","model":"Aqara door & window contact sensor (MCCGQ11LM)","manufacturer":"Xiaomi"}}'
2019-01-13 22:33:11 DEBUG (MainThread) [homeassistant.components.mqtt] Received message on homeassistant/sensor/0x00158d0002bfedfb/battery/config: b'{"device_class":"battery","value_template":"{{ value_json.battery }}","json_attributes":["linkquality","voltage","action","sensitivity"],"state_topic":"zigbee2mqtt/0x00158d0002bfedfb","availability_topic":"zigbee2mqtt/bridge/state","name":"0x00158d0002bfedfb_battery","unique_id":"0x00158d0002bfedfb_battery_zigbee2mqtt","device":{"identifiers":"zigbee2mqtt_0x00158d0002bfedfb","name":"0x00158d0002bfedfb","sw_version":"Zigbee2mqtt 1.0.1","model":"Aqara door & window contact sensor (MCCGQ11LM)","manufacturer":"Xiaomi"}}'
2019-01-13 22:33:11 DEBUG (MainThread) [homeassistant.components.mqtt] Transmitting message on hass/status: online
2019-01-13 22:33:11 INFO (MainThread) [homeassistant.components.mqtt.discovery] Found new component: binary_sensor 0x00158d0002c01de0 contact
2019-01-13 22:33:11 INFO (MainThread) [homeassistant.components.mqtt.discovery] Found new component: binary_sensor 0x00158d0002bfedfb contact
2019-01-13 22:33:11 INFO (MainThread) [homeassistant.components.mqtt.discovery] Found new component: sensor 0x00158d0002c01de0 battery
2019-01-13 22:33:11 INFO (MainThread) [homeassistant.components.mqtt.discovery] Found new component: sensor 0x00158d0002bfedfb battery
2019-01-13 22:33:14 WARNING (Recorder) [homeassistant.components.recorder] Ended unfinished session (id=22 from 2019-01-13 22:33:33.994709)
2019-01-13 22:33:14 DEBUG (MainThread) [homeassistant.components.mqtt] Subscribing to zigbee2mqtt/bridge/state
2019-01-13 22:33:14 DEBUG (MainThread) [homeassistant.components.mqtt] Subscribing to zigbee2mqtt/bridge/state
2019-01-13 22:33:14 DEBUG (MainThread) [homeassistant.components.mqtt] Subscribing to zigbee2mqtt/fridge_door_sensor_1
2019-01-13 22:33:14 DEBUG (MainThread) [homeassistant.components.mqtt] Received message on zigbee2mqtt/bridge/state: b'online'
2019-01-13 22:33:14 DEBUG (MainThread) [homeassistant.components.mqtt] Subscribing to zigbee2mqtt/0x00158d0002bfedfb
2019-01-13 22:33:14 DEBUG (MainThread) [homeassistant.components.mqtt] Received message on zigbee2mqtt/bridge/state: b'online'
2019-01-13 22:33:16 DEBUG (MainThread) [homeassistant.components.mqtt] Subscribing to zigbee2mqtt/bridge/state
2019-01-13 22:33:16 DEBUG (MainThread) [homeassistant.components.mqtt] Subscribing to zigbee2mqtt/bridge/state
2019-01-13 22:33:16 DEBUG (MainThread) [homeassistant.components.mqtt] Subscribing to zigbee2mqtt/fridge_door_sensor_1
2019-01-13 22:33:16 DEBUG (MainThread) [homeassistant.components.mqtt] Received message on zigbee2mqtt/bridge/state: b'online'
2019-01-13 22:33:16 DEBUG (MainThread) [homeassistant.components.mqtt] Subscribing to zigbee2mqtt/0x00158d0002bfedfb
2019-01-13 22:33:16 DEBUG (MainThread) [homeassistant.components.mqtt] Received message on zigbee2mqtt/bridge/state: b'online'
2019-01-13 23:03:43 DEBUG (MainThread) [homeassistant.components.mqtt] Received message on zigbee2mqtt/bridge/state: b'online'
2019-01-13 23:03:43 DEBUG (MainThread) [homeassistant.components.mqtt] Received message on zigbee2mqtt/fridge_door_sensor_1: b'{"contact":true,"linkquality":68,"battery":100,"voltage":3075}'
2019-01-13 23:03:43 DEBUG (MainThread) [homeassistant.components.mqtt] Received message on zigbee2mqtt/0x00158d0002bfedfb: b'{"contact":true,"linkquality":70,"battery":100,"voltage":3095}'
2019-01-13 23:03:43 DEBUG (MainThread) [homeassistant.components.mqtt] Received message on homeassistant/binary_sensor/0x00158d0002c01de0/contact/config: b'{"payload_on":false,"payload_off":true,"value_template":"{{ value_json.contact }}","device_class":"door","state_topic":"zigbee2mqtt/fridge_door_sensor_1","availability_topic":"zigbee2mqtt/bridge/state","name":"fridge_door_sensor_1_contact","unique_id":"0x00158d0002c01de0_contact_zigbee2mqtt","device":{"identifiers":"zigbee2mqtt_0x00158d0002c01de0","name":"fridge_door_sensor_1","sw_version":"Zigbee2mqtt 1.0.1","model":"Aqara door & window contact sensor (MCCGQ11LM)","manufacturer":"Xiaomi"}}'
2019-01-13 23:03:43 INFO (MainThread) [homeassistant.components.mqtt.discovery] Component has already been discovered: binary_sensor 0x00158d0002c01de0 contact, sending update
2019-01-13 23:03:43 INFO (MainThread) [homeassistant.components.mqtt] Got update for entity with hash: ('binary_sensor', '0x00158d0002c01de0 contact') '{'value_template': '{{ value_json.contact }}', 'discovery_hash': ('binary_sensor', '0x00158d0002c01de0 contact'), 'unique_id': '0x00158d0002c01de0_contact_zigbee2mqtt', 'payload_on': False, 'device_class': 'door', 'state_topic': 'zigbee2mqtt/fridge_door_sensor_1', 'availability_topic': 'zigbee2mqtt/bridge/state', 'platform': 'mqtt', 'device': {'identifiers': 'zigbee2mqtt_0x00158d0002c01de0', 'model': 'Aqara door & window contact sensor (MCCGQ11LM)', 'name': 'fridge_door_sensor_1', 'manufacturer': 'Xiaomi', 'sw_version': 'Zigbee2mqtt 1.0.1'}, 'name': 'fridge_door_sensor_1_contact', 'payload_off': True}'
2019-01-13 23:03:43 INFO (MainThread) [homeassistant.components.mqtt] Updating component: binary_sensor.0x00158d0002c01de0_contact
2019-01-13 23:03:43 DEBUG (MainThread) [homeassistant.components.mqtt] Received message on homeassistant/sensor/0x00158d0002c01de0/battery/config: b'{"device_class":"battery","value_template":"{{ value_json.battery }}","json_attributes":["linkquality","voltage","action","sensitivity"],"state_topic":"zigbee2mqtt/fridge_door_sensor_1","availability_topic":"zigbee2mqtt/bridge/state","name":"fridge_door_sensor_1_battery","unique_id":"0x00158d0002c01de0_battery_zigbee2mqtt","device":{"identifiers":"zigbee2mqtt_0x00158d0002c01de0","name":"fridge_door_sensor_1","sw_version":"Zigbee2mqtt 1.0.1","model":"Aqara door & window contact sensor (MCCGQ11LM)","manufacturer":"Xiaomi"}}'
2019-01-13 23:03:43 DEBUG (MainThread) [homeassistant.components.mqtt] Received message on homeassistant/binary_sensor/0x00158d0002bfedfb/contact/config: b'{"payload_on":false,"payload_off":true,"value_template":"{{ value_json.contact }}","device_class":"door","state_topic":"zigbee2mqtt/0x00158d0002bfedfb","availability_topic":"zigbee2mqtt/bridge/state","name":"0x00158d0002bfedfb_contact","unique_id":"0x00158d0002bfedfb_contact_zigbee2mqtt","device":{"identifiers":"zigbee2mqtt_0x00158d0002bfedfb","name":"0x00158d0002bfedfb","sw_version":"Zigbee2mqtt 1.0.1","model":"Aqara door & window contact sensor (MCCGQ11LM)","manufacturer":"Xiaomi"}}'
2019-01-13 23:03:43 DEBUG (MainThread) [homeassistant.components.mqtt] Received message on homeassistant/sensor/0x00158d0002bfedfb/battery/config: b'{"device_class":"battery","value_template":"{{ value_json.battery }}","json_attributes":["linkquality","voltage","action","sensitivity"],"state_topic":"zigbee2mqtt/0x00158d0002bfedfb","availability_topic":"zigbee2mqtt/bridge/state","name":"0x00158d0002bfedfb_battery","unique_id":"0x00158d0002bfedfb_battery_zigbee2mqtt","device":{"identifiers":"zigbee2mqtt_0x00158d0002bfedfb","name":"0x00158d0002bfedfb","sw_version":"Zigbee2mqtt 1.0.1","model":"Aqara door & window contact sensor (MCCGQ11LM)","manufacturer":"Xiaomi"}}'
2019-01-13 23:03:43 INFO (MainThread) [homeassistant.components.mqtt.discovery] Component has already been discovered: sensor 0x00158d0002c01de0 battery, sending update
2019-01-13 23:03:43 INFO (MainThread) [homeassistant.components.mqtt.discovery] Component has already been discovered: binary_sensor 0x00158d0002bfedfb contact, sending update
2019-01-13 23:03:43 INFO (MainThread) [homeassistant.components.mqtt.discovery] Component has already been discovered: sensor 0x00158d0002bfedfb battery, sending update
2019-01-13 23:03:43 INFO (MainThread) [homeassistant.components.mqtt] Got update for entity with hash: ('sensor', '0x00158d0002c01de0 battery') '{'value_template': '{{ value_json.battery }}', 'discovery_hash': ('sensor', '0x00158d0002c01de0 battery'), 'unique_id': '0x00158d0002c01de0_battery_zigbee2mqtt', 'json_attributes': ['linkquality', 'voltage', 'action', 'sensitivity'], 'device_class': 'battery', 'state_topic': 'zigbee2mqtt/fridge_door_sensor_1', 'availability_topic': 'zigbee2mqtt/bridge/state', 'platform': 'mqtt', 'device': {'identifiers': 'zigbee2mqtt_0x00158d0002c01de0', 'model': 'Aqara door & window contact sensor (MCCGQ11LM)', 'name': 'fridge_door_sensor_1', 'manufacturer': 'Xiaomi', 'sw_version': 'Zigbee2mqtt 1.0.1'}, 'name': 'fridge_door_sensor_1_battery'}'
2019-01-13 23:03:43 INFO (MainThread) [homeassistant.components.mqtt] Updating component: sensor.0x00158d0002c01de0_battery
2019-01-13 23:03:43 INFO (MainThread) [homeassistant.components.mqtt] Got update for entity with hash: ('binary_sensor', '0x00158d0002bfedfb contact') '{'value_template': '{{ value_json.contact }}', 'discovery_hash': ('binary_sensor', '0x00158d0002bfedfb contact'), 'unique_id': '0x00158d0002bfedfb_contact_zigbee2mqtt', 'payload_on': False, 'device_class': 'door', 'state_topic': 'zigbee2mqtt/0x00158d0002bfedfb', 'availability_topic': 'zigbee2mqtt/bridge/state', 'platform': 'mqtt', 'device': {'identifiers': 'zigbee2mqtt_0x00158d0002bfedfb', 'model': 'Aqara door & window contact sensor (MCCGQ11LM)', 'name': '0x00158d0002bfedfb', 'manufacturer': 'Xiaomi', 'sw_version': 'Zigbee2mqtt 1.0.1'}, 'name': '0x00158d0002bfedfb_contact', 'payload_off': True}'
2019-01-13 23:03:43 INFO (MainThread) [homeassistant.components.mqtt] Updating component: binary_sensor.0x00158d0002bfedfb_contact
2019-01-13 23:03:43 INFO (MainThread) [homeassistant.components.mqtt] Got update for entity with hash: ('sensor', '0x00158d0002bfedfb battery') '{'value_template': '{{ value_json.battery }}', 'discovery_hash': ('sensor', '0x00158d0002bfedfb battery'), 'unique_id': '0x00158d0002bfedfb_battery_zigbee2mqtt', 'json_attributes': ['linkquality', 'voltage', 'action', 'sensitivity'], 'device_class': 'battery', 'state_topic': 'zigbee2mqtt/0x00158d0002bfedfb', 'availability_topic': 'zigbee2mqtt/bridge/state', 'platform': 'mqtt', 'device': {'identifiers': 'zigbee2mqtt_0x00158d0002bfedfb', 'model': 'Aqara door & window contact sensor (MCCGQ11LM)', 'name': '0x00158d0002bfedfb', 'manufacturer': 'Xiaomi', 'sw_version': 'Zigbee2mqtt 1.0.1'}, 'name': '0x00158d0002bfedfb_battery'}'
2019-01-13 23:03:43 INFO (MainThread) [homeassistant.components.mqtt] Updating component: sensor.0x00158d0002bfedfb_battery
2019-01-13 23:14:45 DEBUG (MainThread) [homeassistant.components.mqtt] Received message on zigbee2mqtt/0x00158d0002bfedfb: b'{"contact":false,"linkquality":44,"battery":100,"voltage":3095}'
2019-01-13 23:14:51 DEBUG (MainThread) [homeassistant.components.mqtt] Received message on zigbee2mqtt/0x00158d0002bfedfb: b'{"contact":true,"linkquality":55,"battery":100,"voltage":3095}'
2019-01-13 23:24:06 DEBUG (MainThread) [homeassistant.components.mqtt] Received message on zigbee2mqtt/fridge_door_sensor_1: b'{"contact":true,"linkquality":63,"battery":100,"voltage":3075}'
2019-01-13 23:24:06 DEBUG (MainThread) [homeassistant.components.mqtt] Received message on zigbee2mqtt/fridge_door_sensor_1: b'{"contact":true,"linkquality":63,"battery":100,"voltage":3075}'
2019-01-13 23:30:05 DEBUG (MainThread) [homeassistant.components.mqtt] Received message on zigbee2mqtt/0x00158d0002bfedfb: b'{"contact":false,"linkquality":49,"battery":100,"voltage":3095}'
2019-01-13 23:30:08 DEBUG (MainThread) [homeassistant.components.mqtt] Received message on zigbee2mqtt/0x00158d0002bfedfb: b'{"contact":true,"linkquality":36,"battery":100,"voltage":3095}'
2019-01-13 23:33:18 ERROR (MainThread) [homeassistant.components.updater] Got unexpected response: None
